<?xml version="1.0" encoding="UTF-8"?>
<!-- Generated by org.testng.reporters.JUnitReportReporter -->
<testsuite hostname="Khadijah-Saleh" failures="0" tests="1" name="firstProject.myClass" time="3.426" errors="0" timestamp="2023-09-22T22:55:47 EET" skipped="0">
  <testcase classname="firstProject.myClass" name="test" time="3.426"/>
  <system-out/>
</testsuite> <!-- firstProject.myClass -->
